Start testing: Feb 15 15:55 CET
----------------------------------------------------------
1/1 Testing: qclpvss_test
1/1 Test: qclpvss_test
Command: "/home/rasmus/thesis/repos/qclpvss/build/tests/qclpvss_test"
Directory: /home/rasmus/thesis/repos/qclpvss/tests
"qclpvss_test" start time: Feb 15 15:55 CET
Output:
----------------------------------------------------------
# Using seed = 1708008915389819467
# security: 128 bits
q = 373293709472937020670798680215149755021 # 129 bits
k = 1
p = 13722481969064419644884339139123310443703061168580587049881041587383708757214596587914747173156746241064236184239571142468740007297292741366781714909840445899874065746434066026022868598370226307553146680541470941875172467463438699205848039539439904075755666272800011098412089344909328479002140254205445523703455799022599573665734272478821040867325151304152161114615052806549194679883825983661196028692053595376373755149168147370463396553010128199189042740985419547215756484789915512686601620177269850477016591939 # 1698 bits
DeltaK = -p*q # 1827 bits
Delta = -p*q^(2*k+1) # 2083 bits
h = (184743357120446259229692517069181294607393878814850666599628098618049880343886909874055975155268366329502971103435170508087173373745696234362411378595018979285528039186780037134086805214306760124274430936222432302622222048320446692545832486896100798829681089964615058921844275693016126164686469597315057412096577, -47840601819166934543637234324181880946170293439794431617499470996487756476582020026926345962313944771370075330256043706625519706609702642018710355758690260331885715611720507316611701242237006011183141067836500026079046216604182167122161147670523154966667510915643933493119010865931791483306405599321062549039327, 965955797134950529814836852167246999994654209193309793781357984115885393715705277396883553405191024526348631259576482526343802289377966062417627467665731420521093778033060578429633024708382112353058969118954034934413847587151655155863503378236138424364140882073456264125989034049230354595603969766108378902790065776)
compact_variant = 0
large_message_variant = 0
<end of output>
Test time =   0.96 sec
----------------------------------------------------------
Test Passed.
"qclpvss_test" end time: Feb 15 15:55 CET
"qclpvss_test" time elapsed: 00:00:00
----------------------------------------------------------

End testing: Feb 15 15:55 CET
