Start testing: Feb 15 16:48 CET
----------------------------------------------------------
1/1 Testing: qclpvss_test
1/1 Test: qclpvss_test
Command: "/home/rasmus/thesis/repos/qclpvss/build/tests/qclpvss_test"
Directory: /home/rasmus/thesis/repos/qclpvss/tests
"qclpvss_test" start time: Feb 15 16:48 CET
Output:
----------------------------------------------------------
# Using seed = 1708012115587497235
# security: 128 bits
q = 645860624815324567933904793378528100637 # 129 bits
k = 1
p = 10609442793548176910634306195210522926081706612349753064590151308274426091404825826424907694275800443131929270836769734532698316608395598234623468177881851959829563027518057496849754995512845682602170400506829318445799960618985813585436548548333375759987007963832645483060055386302282038458738406502500970451181564746786091778953437387586666407161506269046968138436159990888735376682533357329850914793784663460667893887471390346217842460445404764744772583754501916796999119521966946922311240114993121159619052787 # 1698 bits
DeltaK = -p*q # 1827 bits
Delta = -p*q^(2*k+1) # 2085 bits
h = (2870482243670778013673741687845746125107936345218710117816280025987185432673824556754450522436692571650345742044964605098108660678398534372456221332443724499197727368816076234503452367728942302450462898954662662376518822496573719206697695176111118020475078293961723670355266057066733854708056724524272605307373372, -1543732449710550696590975433250916444302568023666339746504331844201427732943900271016641681417344765051706619777827666679552249494415471099086864741254229817402692844310318853001009019461256115886178401674625765918361713505478922103082664211005446881697294691574326215778673344796571452010029463160207734994134945, 249147243166586411022770664202729169856135872993307145023004542691840343710291579079249449235594348493490757579253697329799849563861754833198911498532642422153966346851283153402086274867706727502214380041881388101432139278444549777581664790091865049616290677929910563557339919071795783476526792279242686353402421972)
compact_variant = 0
large_message_variant = 0
0
<end of output>
Test time =   0.40 sec
----------------------------------------------------------
Test Passed.
"qclpvss_test" end time: Feb 15 16:48 CET
"qclpvss_test" time elapsed: 00:00:00
----------------------------------------------------------

End testing: Feb 15 16:48 CET
